[2025-10-10 07:13:32] [INFO] timing log file: snapctl-timing.log
[2025-10-10 07:13:32] [DEBUG] Timing start: snapctl savevm:take
[2025-10-10 07:13:32] [DEBUG] Starting savevm for snapshot: take
[2025-10-10 07:13:32] [WARN] query-savevm QMP 응답: {"error": {"class": "CommandNotFound", "desc": "The command query-savevm has not been found"}}

[2025-10-10 07:13:32] [ERROR] savevm QMP 응답: {"error": {"class": "CommandNotFound", "desc": "The command savevm has not been found"}}

[2025-10-10 07:13:33] [WARN] query-savevm QMP 응답: {"error": {"class": "CommandNotFound", "desc": "The command query-savevm has not been found"}}

[2025-10-10 07:13:33] [DEBUG] snapctl savevm:take: 0.506 s (506 ms)
[2025-10-10 07:13:33] [ERROR] savevm 'take' 실패 (0.506 s)
[2025-10-10 07:53:46] [INFO] timing log file: snapctl-timing.log
[2025-10-10 07:53:46] [DEBUG] Timing start: snapctl savevm:take
[2025-10-10 07:53:46] [DEBUG] Starting savevm for snapshot: take
[2025-10-10 07:53:46] [DEBUG] connect(/home/park/vm/win11/qmp.sock) 실패: Connection refused
[2025-10-10 07:53:46] [WARN] QMP 소켓은 존재하지만 연결을 거부했습니다. VM이 QMP 옵션으로 실행 중인지 확인하세요: /home/park/vm/win11/qmp.sock
[2025-10-10 07:53:46] [DEBUG] connect(/home/park/vm/win11/qmp.sock) 실패: Connection refused
[2025-10-10 07:53:46] [WARN] QMP 소켓은 존재하지만 연결을 거부했습니다. VM이 QMP 옵션으로 실행 중인지 확인하세요: /home/park/vm/win11/qmp.sock
[2025-10-10 07:53:46] [WARN] VM 일시정지에 실패했습니다 (savevm)
[2025-10-10 07:53:46] [DEBUG] connect(/home/park/vm/win11/qmp.sock) 실패: Connection refused
[2025-10-10 07:53:46] [WARN] QMP 소켓은 존재하지만 연결을 거부했습니다. VM이 QMP 옵션으로 실행 중인지 확인하세요: /home/park/vm/win11/qmp.sock
[2025-10-10 07:53:46] [DEBUG] connect(/home/park/vm/win11/qmp.sock) 실패: Connection refused
[2025-10-10 07:53:46] [WARN] QMP 소켓은 존재하지만 연결을 거부했습니다. VM이 QMP 옵션으로 실행 중인지 확인하세요: /home/park/vm/win11/qmp.sock
[2025-10-10 07:53:46] [DEBUG] connect(/home/park/vm/win11/qmp.sock) 실패: Connection refused
[2025-10-10 07:53:46] [WARN] QMP 소켓은 존재하지만 연결을 거부했습니다. VM이 QMP 옵션으로 실행 중인지 확인하세요: /home/park/vm/win11/qmp.sock
[2025-10-10 07:53:46] [DEBUG] snapctl savevm:take: 0.500 s (500 ms)
[2025-10-10 07:53:46] [ERROR] savevm 'take' 실패 (0.500 s)
[2025-10-10 08:04:52] [INFO] timing log file: snapctl-timing.log
[2025-10-10 08:04:52] [DEBUG] Timing start: snapctl savevm:take
[2025-10-10 08:04:52] [DEBUG] Starting savevm for snapshot: take
[2025-10-10 08:04:52] [DEBUG] connect(/home/park/vm/win11/qmp.sock) 실패: Connection refused
[2025-10-10 08:04:52] [WARN] QMP 소켓은 존재하지만 연결을 거부했습니다. VM이 QMP 옵션으로 실행 중인지 확인하세요: /home/park/vm/win11/qmp.sock
[2025-10-10 08:04:52] [DEBUG] connect(/home/park/vm/win11/qmp.sock) 실패: Connection refused
[2025-10-10 08:04:52] [WARN] QMP 소켓은 존재하지만 연결을 거부했습니다. VM이 QMP 옵션으로 실행 중인지 확인하세요: /home/park/vm/win11/qmp.sock
[2025-10-10 08:04:52] [WARN] VM 일시정지에 실패했습니다 (savevm)
[2025-10-10 08:04:52] [DEBUG] connect(/home/park/vm/win11/qmp.sock) 실패: Connection refused
[2025-10-10 08:04:52] [WARN] QMP 소켓은 존재하지만 연결을 거부했습니다. VM이 QMP 옵션으로 실행 중인지 확인하세요: /home/park/vm/win11/qmp.sock
[2025-10-10 08:04:52] [DEBUG] connect(/home/park/vm/win11/qmp.sock) 실패: Connection refused
[2025-10-10 08:04:52] [WARN] QMP 소켓은 존재하지만 연결을 거부했습니다. VM이 QMP 옵션으로 실행 중인지 확인하세요: /home/park/vm/win11/qmp.sock
[2025-10-10 08:04:52] [DEBUG] connect(/home/park/vm/win11/qmp.sock) 실패: Connection refused
[2025-10-10 08:04:52] [WARN] QMP 소켓은 존재하지만 연결을 거부했습니다. VM이 QMP 옵션으로 실행 중인지 확인하세요: /home/park/vm/win11/qmp.sock
[2025-10-10 08:04:52] [DEBUG] snapctl savevm:take: 0.500 s (500 ms)
[2025-10-10 08:04:52] [ERROR] savevm 'take' 실패 (0.500 s)
[2025-10-10 23:06:56] [INFO] timing log file: snapctl-timing.log
[2025-10-10 23:06:56] [DEBUG] Timing start: snapctl savevm:take
[2025-10-10 23:06:56] [DEBUG] Starting savevm for snapshot: take
[2025-10-10 23:06:56] [WARN] query-savevm QMP 응답: {"error": {"class": "CommandNotFound", "desc": "The command query-savevm has not been found"}}

[2025-10-10 23:06:56] [ERROR] savevm QMP 응답: {"error": {"class": "CommandNotFound", "desc": "The command savevm has not been found"}}

[2025-10-10 23:06:57] [WARN] query-savevm QMP 응답: {"error": {"class": "CommandNotFound", "desc": "The command query-savevm has not been found"}}

[2025-10-10 23:06:57] [DEBUG] snapctl savevm:take: 0.509 s (509 ms)
[2025-10-10 23:06:57] [ERROR] savevm 'take' 실패 (0.509 s)
[2025-10-10 23:50:14] [INFO] timing log file: snapctl-timing.log
[2025-10-10 23:50:14] [DEBUG] Timing start: snapctl savevm:take
[2025-10-10 23:50:14] [DEBUG] Starting savevm for snapshot: take
[2025-10-10 23:50:14] [INFO] savevm QMP 명령이 지원되지 않아 HMP 경로로 폴백합니다
[2025-10-10 23:50:19] [DEBUG] snapctl savevm:take: 4.755 s (4755 ms)
[2025-10-10 23:50:19] [INFO] savevm 'take' 성공 (4.755 s)
[2025-10-10 23:50:19] [DEBUG] Timing start: snapctl archive
[2025-10-10 23:50:19] [INFO] 스냅샷 아카이브 디렉터리를 생성했습니다: /home/park/vm/win11/snapshots
[2025-10-10 23:50:19] [DEBUG] Timing start: partial disk copy
[2025-10-10 23:50:19] [DEBUG] partial disk copy: 0.072 s (72 ms)
[2025-10-10 23:50:19] [DEBUG] Timing start: partial disk compress
[2025-10-10 23:50:27] [DEBUG] partial disk compress: 7.581 s (7581 ms)
[2025-10-10 23:50:27] [INFO] 디스크 부분 스냅샷 압축 완료: /home/park/vm/win11/snapshots/take-disk.bz2 (100.0 MB, 7.58 s)
[2025-10-10 23:50:27] [DEBUG] Timing start: dump guest memory slice
[2025-10-10 23:50:27] [DEBUG] dump guest memory slice: 0.277 s (277 ms)
[2025-10-10 23:50:27] [INFO] 메모리 부분 덤프 완료 (256.0 MB, 0.28 s): /home/park/vm/win11/snapshots/take-mem.raw
[2025-10-10 23:50:27] [DEBUG] Timing start: compress memory slice
[2025-10-10 23:50:34] [DEBUG] compress memory slice: 7.340 s (7340 ms)
[2025-10-10 23:50:34] [INFO] 메모리 부분 스냅샷 압축 완료: /home/park/vm/win11/snapshots/take-mem.bz2 (7.34 s)
[2025-10-10 23:50:34] [DEBUG] snapctl archive: 15.320 s (15320 ms)
[2025-10-10 23:50:41] [INFO] fast snapshot 번들을 생성했습니다: /home/park/vm/win11/snapshots/take-fast-snapshot.tar.bz2
[2025-10-10 23:50:41] [INFO] 스냅샷 보조 아카이브 및 fast snapshot 번들 완료: take (15.32 s)
[2025-10-10 23:53:48] [INFO] timing log file: snapctl-timing.log
[2025-10-10 23:53:48] [DEBUG] Timing start: snapctl loadvm:take
[2025-10-10 23:53:48] [INFO] loadvm QMP 명령이 지원되지 않아 HMP 경로로 폴백합니다
[2025-10-10 23:53:57] [DEBUG] Timing start: restore disk slice
[2025-10-10 23:53:57] [DEBUG] restore disk slice: 0.096 s (96 ms)
[2025-10-10 23:53:57] [INFO] 디스크 보조 스냅샷을 복원했습니다 (100.0 MB, 0.10 s)
[2025-10-10 23:53:59] [INFO] 메모리 보조 스냅샷을 해제했습니다 (255.7 MB): /home/park/vm/win11/snapshots/take-mem.raw
[2025-10-10 23:53:59] [INFO] 주의: dump-guest-memory 결과는 참조용이며 loadvm이 메모리를 복원합니다.
[2025-10-10 23:53:59] [INFO] 보조 스냅샷 복원 완료: take
[2025-10-10 23:53:59] [DEBUG] snapctl loadvm:take: 10.853 s (10853 ms)
[2025-10-10 23:53:59] [INFO] loadvm 'take' 성공 (10.853 s)
[2025-10-10 23:54:20] [INFO] timing log file: snapctl-timing.log
[2025-10-10 23:54:20] [DEBUG] Timing start: snapctl savevm:take
[2025-10-10 23:54:20] [DEBUG] Starting savevm for snapshot: take
[2025-10-10 23:54:20] [WARN] Snapshot 'take' already exists. 기존 스냅샷을 삭제합니다.
[2025-10-10 23:54:20] [INFO] delvm QMP 명령이 지원되지 않아 HMP 경로로 폴백합니다
[2025-10-10 23:54:20] [INFO] 스냅샷 보조 파일을 삭제했습니다: /home/park/vm/win11/snapshots/take-disk.bz2
[2025-10-10 23:54:20] [INFO] 스냅샷 보조 파일을 삭제했습니다: /home/park/vm/win11/snapshots/take-mem.bz2
[2025-10-10 23:54:20] [INFO] 스냅샷 보조 파일을 삭제했습니다: /home/park/vm/win11/snapshots/take-mem.raw
[2025-10-10 23:54:20] [INFO] 스냅샷 보조 파일을 삭제했습니다: /home/park/vm/win11/snapshots/take-fast-meta.json
[2025-10-10 23:54:20] [INFO] 스냅샷 보조 파일을 삭제했습니다: /home/park/vm/win11/snapshots/take-fast-snapshot.tar.bz2
[2025-10-10 23:54:20] [INFO] 스냅샷 보조 파일을 삭제했습니다: /home/park/vm/win11/snapshots/take-fast.ready.lock
[2025-10-10 23:54:20] [INFO] savevm QMP 명령이 지원되지 않아 HMP 경로로 폴백합니다
[2025-10-10 23:54:23] [DEBUG] snapctl savevm:take: 3.607 s (3607 ms)
[2025-10-10 23:54:23] [INFO] savevm 'take' 성공 (3.607 s)
[2025-10-10 23:54:23] [DEBUG] Timing start: snapctl archive
[2025-10-10 23:54:23] [DEBUG] Timing start: partial disk copy
[2025-10-10 23:54:23] [DEBUG] partial disk copy: 0.052 s (52 ms)
[2025-10-10 23:54:23] [DEBUG] Timing start: partial disk compress
[2025-10-10 23:54:31] [DEBUG] partial disk compress: 7.262 s (7262 ms)
[2025-10-10 23:54:31] [INFO] 디스크 부분 스냅샷 압축 완료: /home/park/vm/win11/snapshots/take-disk.bz2 (100.0 MB, 7.26 s)
[2025-10-10 23:54:31] [DEBUG] Timing start: dump guest memory slice
[2025-10-10 23:54:31] [DEBUG] dump guest memory slice: 0.267 s (267 ms)
[2025-10-10 23:54:31] [INFO] 메모리 부분 덤프 완료 (256.0 MB, 0.27 s): /home/park/vm/win11/snapshots/take-mem.raw
[2025-10-10 23:54:31] [DEBUG] Timing start: compress memory slice
[2025-10-10 23:54:38] [DEBUG] compress memory slice: 6.757 s (6757 ms)
[2025-10-10 23:54:38] [INFO] 메모리 부분 스냅샷 압축 완료: /home/park/vm/win11/snapshots/take-mem.bz2 (6.76 s)
[2025-10-10 23:54:38] [DEBUG] snapctl archive: 14.371 s (14371 ms)
[2025-10-10 23:54:45] [INFO] fast snapshot 번들을 생성했습니다: /home/park/vm/win11/snapshots/take-fast-snapshot.tar.bz2
[2025-10-10 23:54:45] [INFO] 스냅샷 보조 아카이브 및 fast snapshot 번들 완료: take (14.37 s)
[2025-10-10 23:55:28] [INFO] timing log file: snapctl-timing.log
[2025-10-10 23:55:28] [DEBUG] Timing start: snapctl savevm:take15
[2025-10-10 23:55:28] [DEBUG] Starting savevm for snapshot: take15
[2025-10-10 23:55:28] [INFO] savevm QMP 명령이 지원되지 않아 HMP 경로로 폴백합니다
[2025-10-10 23:55:32] [DEBUG] snapctl savevm:take15: 4.319 s (4319 ms)
[2025-10-10 23:55:32] [INFO] savevm 'take15' 성공 (4.319 s)
[2025-10-10 23:55:32] [DEBUG] Timing start: snapctl archive
[2025-10-10 23:55:32] [DEBUG] Timing start: partial disk copy
[2025-10-10 23:55:33] [DEBUG] partial disk copy: 0.074 s (74 ms)
[2025-10-10 23:55:33] [DEBUG] Timing start: partial disk compress
[2025-10-10 23:55:39] [DEBUG] partial disk compress: 6.917 s (6917 ms)
[2025-10-10 23:55:39] [INFO] 디스크 부분 스냅샷 압축 완료: /home/park/vm/win11/snapshots/take15-disk.bz2 (100.0 MB, 6.92 s)
[2025-10-10 23:55:39] [DEBUG] Timing start: dump guest memory slice
[2025-10-10 23:55:40] [DEBUG] dump guest memory slice: 0.225 s (225 ms)
[2025-10-10 23:55:40] [INFO] 메모리 부분 덤프 완료 (256.0 MB, 0.22 s): /home/park/vm/win11/snapshots/take15-mem.raw
[2025-10-10 23:55:40] [DEBUG] Timing start: compress memory slice
[2025-10-10 23:55:46] [DEBUG] compress memory slice: 6.561 s (6561 ms)
[2025-10-10 23:55:46] [INFO] 메모리 부분 스냅샷 압축 완료: /home/park/vm/win11/snapshots/take15-mem.bz2 (6.56 s)
[2025-10-10 23:55:46] [DEBUG] snapctl archive: 13.828 s (13828 ms)
[2025-10-10 23:55:53] [INFO] fast snapshot 번들을 생성했습니다: /home/park/vm/win11/snapshots/take15-fast-snapshot.tar.bz2
[2025-10-10 23:55:53] [INFO] 스냅샷 보조 아카이브 및 fast snapshot 번들 완료: take15 (13.83 s)
[2025-10-11 00:06:19] [INFO] timing log file: snapctl-timing.log
[2025-10-11 00:06:19] [DEBUG] Timing start: snapctl loadvm:take15
[2025-10-11 00:06:19] [INFO] loadvm QMP 명령이 지원되지 않아 HMP 경로로 폴백합니다
[2025-10-11 00:06:28] [DEBUG] Timing start: restore disk slice
[2025-10-11 00:06:28] [DEBUG] restore disk slice: 0.087 s (87 ms)
[2025-10-11 00:06:28] [INFO] 디스크 보조 스냅샷을 복원했습니다 (100.0 MB, 0.09 s)
[2025-10-11 00:06:30] [INFO] 메모리 보조 스냅샷을 해제했습니다 (255.8 MB): /home/park/vm/win11/snapshots/take15-mem.raw
[2025-10-11 00:06:30] [INFO] 주의: dump-guest-memory 결과는 참조용이며 loadvm이 메모리를 복원합니다.
[2025-10-11 00:06:30] [INFO] 보조 스냅샷 복원 완료: take15
[2025-10-11 00:06:30] [DEBUG] snapctl loadvm:take15: 10.872 s (10872 ms)
[2025-10-11 00:06:30] [INFO] loadvm 'take15' 성공 (10.872 s)
[2025-10-11 02:46:25] [INFO] timing log file: snapctl-timing.log
[2025-10-11 02:46:25] [DEBUG] Timing start: snapctl savevm:save1
[2025-10-11 02:46:25] [DEBUG] Starting savevm for snapshot: save1
[2025-10-11 02:46:25] [INFO] savevm QMP 명령이 지원되지 않아 HMP 경로로 폴백합니다
[2025-10-11 02:46:32] [DEBUG] snapctl savevm:save1: 6.573 s (6573 ms)
[2025-10-11 02:46:32] [INFO] savevm 'save1' 성공 (6.573 s)
[2025-10-11 02:46:32] [DEBUG] Timing start: snapctl archive
[2025-10-11 02:46:32] [INFO] 스냅샷 아카이브 디렉터리를 생성했습니다: /home/park/vm/win11/snapshots
[2025-10-11 02:46:32] [DEBUG] Timing start: partial disk copy
[2025-10-11 02:46:32] [DEBUG] partial disk copy: 0.354 s (354 ms)
[2025-10-11 02:46:32] [DEBUG] Timing start: partial disk compress
[2025-10-11 02:46:41] [DEBUG] partial disk compress: 8.577 s (8577 ms)
[2025-10-11 02:46:41] [INFO] 디스크 부분 스냅샷 압축 완료: /home/park/vm/win11/snapshots/save1-disk.bz2 (100.0 MB, 8.58 s)
[2025-10-11 02:46:41] [DEBUG] Timing start: dump guest memory slice
[2025-10-11 02:46:41] [DEBUG] dump guest memory slice: 0.479 s (479 ms)
[2025-10-11 02:46:41] [INFO] 메모리 부분 덤프 완료 (256.0 MB, 0.48 s): /home/park/vm/win11/snapshots/save1-mem.raw
[2025-10-11 02:46:41] [DEBUG] Timing start: compress memory slice
[2025-10-11 02:46:53] [DEBUG] compress memory slice: 11.557 s (11557 ms)
[2025-10-11 02:46:53] [INFO] 메모리 부분 스냅샷 압축 완료: /home/park/vm/win11/snapshots/save1-mem.bz2 (11.56 s)
[2025-10-11 02:46:53] [DEBUG] snapctl archive: 21.017 s (21017 ms)
[2025-10-11 02:47:04] [INFO] fast snapshot 번들을 생성했습니다: /home/park/vm/win11/snapshots/save1-fast-snapshot.tar.bz2
[2025-10-11 02:47:04] [INFO] 스냅샷 보조 아카이브 및 fast snapshot 번들 완료: save1 (21.02 s)
[2025-10-11 02:47:41] [INFO] timing log file: snapctl-timing.log
[2025-10-11 02:47:41] [DEBUG] Timing start: snapctl savevm:save2
[2025-10-11 02:47:41] [DEBUG] Starting savevm for snapshot: save2
[2025-10-11 02:47:41] [INFO] savevm QMP 명령이 지원되지 않아 HMP 경로로 폴백합니다
[2025-10-11 02:47:49] [DEBUG] snapctl savevm:save2: 7.860 s (7860 ms)
[2025-10-11 02:47:49] [INFO] savevm 'save2' 성공 (7.860 s)
[2025-10-11 02:47:49] [DEBUG] Timing start: snapctl archive
[2025-10-11 02:47:49] [DEBUG] Timing start: partial disk copy
[2025-10-11 02:47:49] [DEBUG] partial disk copy: 0.117 s (117 ms)
[2025-10-11 02:47:49] [DEBUG] Timing start: partial disk compress
[2025-10-11 02:47:58] [DEBUG] partial disk compress: 8.866 s (8866 ms)
[2025-10-11 02:47:58] [INFO] 디스크 부분 스냅샷 압축 완료: /home/park/vm/win11/snapshots/save2-disk.bz2 (100.0 MB, 8.87 s)
[2025-10-11 02:47:58] [DEBUG] Timing start: dump guest memory slice
[2025-10-11 02:47:58] [DEBUG] dump guest memory slice: 0.400 s (400 ms)
[2025-10-11 02:47:58] [INFO] 메모리 부분 덤프 완료 (256.0 MB, 0.40 s): /home/park/vm/win11/snapshots/save2-mem.raw
[2025-10-11 02:47:58] [DEBUG] Timing start: compress memory slice
[2025-10-11 02:48:11] [DEBUG] compress memory slice: 12.627 s (12627 ms)
[2025-10-11 02:48:11] [INFO] 메모리 부분 스냅샷 압축 완료: /home/park/vm/win11/snapshots/save2-mem.bz2 (12.63 s)
[2025-10-11 02:48:11] [DEBUG] snapctl archive: 22.060 s (22060 ms)
[2025-10-11 02:48:24] [INFO] fast snapshot 번들을 생성했습니다: /home/park/vm/win11/snapshots/save2-fast-snapshot.tar.bz2
[2025-10-11 02:48:24] [INFO] 스냅샷 보조 아카이브 및 fast snapshot 번들 완료: save2 (22.06 s)
[2025-10-11 02:50:46] [INFO] timing log file: snapctl-timing.log
[2025-10-11 02:50:46] [DEBUG] Timing start: snapctl savevm:save3
[2025-10-11 02:50:46] [DEBUG] Starting savevm for snapshot: save3
[2025-10-11 02:50:46] [INFO] savevm QMP 명령이 지원되지 않아 HMP 경로로 폴백합니다
[2025-10-11 02:50:52] [DEBUG] snapctl savevm:save3: 6.181 s (6181 ms)
[2025-10-11 02:50:52] [INFO] savevm 'save3' 성공 (6.181 s)
[2025-10-11 02:50:52] [DEBUG] Timing start: snapctl archive
[2025-10-11 02:50:52] [DEBUG] Timing start: partial disk copy
[2025-10-11 02:50:53] [DEBUG] partial disk copy: 0.101 s (101 ms)
[2025-10-11 02:50:53] [DEBUG] Timing start: partial disk compress
[2025-10-11 02:51:02] [DEBUG] partial disk compress: 9.686 s (9686 ms)
[2025-10-11 02:51:02] [INFO] 디스크 부분 스냅샷 압축 완료: /home/park/vm/win11/snapshots/save3-disk.bz2 (100.0 MB, 9.69 s)
[2025-10-11 02:51:02] [DEBUG] Timing start: dump guest memory slice
[2025-10-11 02:51:03] [DEBUG] dump guest memory slice: 0.408 s (408 ms)
[2025-10-11 02:51:03] [INFO] 메모리 부분 덤프 완료 (256.0 MB, 0.41 s): /home/park/vm/win11/snapshots/save3-mem.raw
[2025-10-11 02:51:03] [DEBUG] Timing start: compress memory slice
[2025-10-11 02:51:19] [DEBUG] compress memory slice: 16.680 s (16680 ms)
[2025-10-11 02:51:19] [INFO] 메모리 부분 스냅샷 압축 완료: /home/park/vm/win11/snapshots/save3-mem.bz2 (16.68 s)
[2025-10-11 02:51:19] [DEBUG] snapctl archive: 26.930 s (26930 ms)
[2025-10-11 02:51:30] [INFO] fast snapshot 번들을 생성했습니다: /home/park/vm/win11/snapshots/save3-fast-snapshot.tar.bz2
[2025-10-11 02:51:30] [INFO] 스냅샷 보조 아카이브 및 fast snapshot 번들 완료: save3 (26.93 s)
[2025-10-11 02:51:37] [INFO] timing log file: snapctl-timing.log
[2025-10-11 02:51:37] [DEBUG] Timing start: snapctl savevm:save4
[2025-10-11 02:51:37] [DEBUG] Starting savevm for snapshot: save4
[2025-10-11 02:51:37] [INFO] savevm QMP 명령이 지원되지 않아 HMP 경로로 폴백합니다
[2025-10-11 02:51:43] [DEBUG] snapctl savevm:save4: 6.220 s (6220 ms)
[2025-10-11 02:51:43] [INFO] savevm 'save4' 성공 (6.220 s)
[2025-10-11 02:51:43] [DEBUG] Timing start: snapctl archive
[2025-10-11 02:51:43] [DEBUG] Timing start: partial disk copy
[2025-10-11 02:51:43] [DEBUG] partial disk copy: 0.088 s (88 ms)
[2025-10-11 02:51:43] [DEBUG] Timing start: partial disk compress
[2025-10-11 02:51:55] [DEBUG] partial disk compress: 11.541 s (11541 ms)
[2025-10-11 02:51:55] [INFO] 디스크 부분 스냅샷 압축 완료: /home/park/vm/win11/snapshots/save4-disk.bz2 (100.0 MB, 11.54 s)
[2025-10-11 02:51:55] [DEBUG] Timing start: dump guest memory slice
[2025-10-11 02:51:55] [DEBUG] dump guest memory slice: 0.397 s (397 ms)
[2025-10-11 02:51:55] [INFO] 메모리 부분 덤프 완료 (256.0 MB, 0.40 s): /home/park/vm/win11/snapshots/save4-mem.raw
[2025-10-11 02:51:55] [DEBUG] Timing start: compress memory slice
[2025-10-11 02:52:08] [DEBUG] compress memory slice: 12.944 s (12944 ms)
[2025-10-11 02:52:08] [INFO] 메모리 부분 스냅샷 압축 완료: /home/park/vm/win11/snapshots/save4-mem.bz2 (12.94 s)
[2025-10-11 02:52:08] [DEBUG] snapctl archive: 25.021 s (25021 ms)
[2025-10-11 02:52:21] [INFO] fast snapshot 번들을 생성했습니다: /home/park/vm/win11/snapshots/save4-fast-snapshot.tar.bz2
[2025-10-11 02:52:21] [INFO] 스냅샷 보조 아카이브 및 fast snapshot 번들 완료: save4 (25.02 s)
[2025-10-11 02:52:28] [INFO] timing log file: snapctl-timing.log
[2025-10-11 02:52:28] [DEBUG] Timing start: snapctl savevm:save5
[2025-10-11 02:52:28] [DEBUG] Starting savevm for snapshot: save5
[2025-10-11 02:52:28] [INFO] savevm QMP 명령이 지원되지 않아 HMP 경로로 폴백합니다
[2025-10-11 02:52:34] [DEBUG] snapctl savevm:save5: 5.969 s (5969 ms)
[2025-10-11 02:52:34] [INFO] savevm 'save5' 성공 (5.969 s)
[2025-10-11 02:52:34] [DEBUG] Timing start: snapctl archive
[2025-10-11 02:52:34] [DEBUG] Timing start: partial disk copy
[2025-10-11 02:52:34] [DEBUG] partial disk copy: 0.093 s (93 ms)
[2025-10-11 02:52:34] [DEBUG] Timing start: partial disk compress
[2025-10-11 02:52:44] [DEBUG] partial disk compress: 9.053 s (9053 ms)
[2025-10-11 02:52:44] [INFO] 디스크 부분 스냅샷 압축 완료: /home/park/vm/win11/snapshots/save5-disk.bz2 (100.0 MB, 9.05 s)
[2025-10-11 02:52:44] [DEBUG] Timing start: dump guest memory slice
[2025-10-11 02:52:44] [DEBUG] dump guest memory slice: 0.406 s (406 ms)
[2025-10-11 02:52:44] [INFO] 메모리 부분 덤프 완료 (256.0 MB, 0.41 s): /home/park/vm/win11/snapshots/save5-mem.raw
[2025-10-11 02:52:44] [DEBUG] Timing start: compress memory slice
[2025-10-11 02:52:59] [DEBUG] compress memory slice: 15.422 s (15422 ms)
[2025-10-11 02:52:59] [INFO] 메모리 부분 스냅샷 압축 완료: /home/park/vm/win11/snapshots/save5-mem.bz2 (15.42 s)
[2025-10-11 02:52:59] [DEBUG] snapctl archive: 25.021 s (25021 ms)
[2025-10-11 02:53:12] [INFO] fast snapshot 번들을 생성했습니다: /home/park/vm/win11/snapshots/save5-fast-snapshot.tar.bz2
[2025-10-11 02:53:12] [INFO] 스냅샷 보조 아카이브 및 fast snapshot 번들 완료: save5 (25.02 s)
[2025-10-11 02:54:50] [INFO] timing log file: snapctl-timing.log
[2025-10-11 02:54:50] [DEBUG] Timing start: snapctl savevm:save6
[2025-10-11 02:54:50] [DEBUG] Starting savevm for snapshot: save6
[2025-10-11 02:54:50] [INFO] savevm QMP 명령이 지원되지 않아 HMP 경로로 폴백합니다
[2025-10-11 03:13:34] [INFO] timing log file: snapctl-timing.log
[2025-10-11 03:13:34] [DEBUG] Timing start: snapctl loadvm:save1
[2025-10-11 03:13:34] [INFO] loadvm QMP 명령이 지원되지 않아 HMP 경로로 폴백합니다
[2025-10-11 03:13:34] [WARN] loadvm HMP 응답: {"return": "Error: Snapshot 'save1' does not exist in one or more devices\r\n"}

[2025-10-11 03:13:34] [DEBUG] snapctl loadvm:save1: 0.007 s (7 ms)
[2025-10-11 03:13:34] [ERROR] loadvm 'save1' 실패 (0.007 s)
[2025-10-11 04:28:12] [INFO] timing log file: snapctl-timing.log
[2025-10-11 04:28:12] [DEBUG] Timing start: snapctl savevm:save6
[2025-10-11 04:28:12] [DEBUG] Starting savevm for snapshot: save6
[2025-10-11 04:28:12] [INFO] savevm QMP 명령이 지원되지 않아 HMP 경로로 폴백합니다
[2025-10-11 04:28:16] [DEBUG] snapctl savevm:save6: 4.051 s (4051 ms)
[2025-10-11 04:28:16] [INFO] savevm 'save6' 성공 (4.051 s)
[2025-10-11 04:28:16] [DEBUG] Timing start: snapctl archive
[2025-10-11 04:28:16] [DEBUG] Timing start: partial disk copy
[2025-10-11 04:28:16] [DEBUG] partial disk copy: 0.062 s (62 ms)
[2025-10-11 04:28:16] [DEBUG] Timing start: partial disk compress
[2025-10-11 04:28:24] [DEBUG] partial disk compress: 8.355 s (8355 ms)
[2025-10-11 04:28:24] [INFO] 디스크 부분 스냅샷 압축 완료: /home/park/vm/win11/snapshots/save6-disk.bz2 (100.0 MB, 8.36 s)
[2025-10-11 04:28:24] [DEBUG] Timing start: dump guest memory slice
[2025-10-11 04:28:24] [DEBUG] dump guest memory slice: 0.193 s (193 ms)
[2025-10-11 04:28:24] [INFO] 메모리 부분 덤프 완료 (256.0 MB, 0.19 s): /home/park/vm/win11/snapshots/save6-mem.raw
[2025-10-11 04:28:24] [DEBUG] Timing start: compress memory slice
[2025-10-11 04:28:38] [DEBUG] compress memory slice: 13.897 s (13897 ms)
[2025-10-11 04:28:38] [INFO] 메모리 부분 스냅샷 압축 완료: /home/park/vm/win11/snapshots/save6-mem.bz2 (13.90 s)
[2025-10-11 04:28:38] [DEBUG] snapctl archive: 22.536 s (22536 ms)
[2025-10-11 04:28:50] [INFO] fast snapshot 번들을 생성했습니다: /home/park/vm/win11/snapshots/save6-fast-snapshot.tar.bz2
[2025-10-11 04:28:50] [INFO] 스냅샷 보조 아카이브 및 fast snapshot 번들 완료: save6 (22.54 s)
[2025-10-11 04:28:58] [INFO] timing log file: snapctl-timing.log
[2025-10-11 04:28:58] [DEBUG] Timing start: snapctl savevm:save7
[2025-10-11 04:28:58] [DEBUG] Starting savevm for snapshot: save7
[2025-10-11 04:28:58] [INFO] savevm QMP 명령이 지원되지 않아 HMP 경로로 폴백합니다
[2025-10-11 04:29:01] [DEBUG] snapctl savevm:save7: 3.070 s (3070 ms)
[2025-10-11 04:29:01] [INFO] savevm 'save7' 성공 (3.070 s)
[2025-10-11 04:29:01] [DEBUG] Timing start: snapctl archive
[2025-10-11 04:29:01] [DEBUG] Timing start: partial disk copy
[2025-10-11 04:29:02] [DEBUG] partial disk copy: 0.042 s (42 ms)
[2025-10-11 04:29:02] [DEBUG] Timing start: partial disk compress
[2025-10-11 04:29:09] [DEBUG] partial disk compress: 7.900 s (7900 ms)
[2025-10-11 04:29:09] [INFO] 디스크 부분 스냅샷 압축 완료: /home/park/vm/win11/snapshots/save7-disk.bz2 (100.0 MB, 7.90 s)
[2025-10-11 04:29:09] [DEBUG] Timing start: dump guest memory slice
[2025-10-11 04:29:10] [DEBUG] dump guest memory slice: 0.181 s (181 ms)
[2025-10-11 04:29:10] [INFO] 메모리 부분 덤프 완료 (256.0 MB, 0.18 s): /home/park/vm/win11/snapshots/save7-mem.raw
[2025-10-11 04:29:10] [DEBUG] Timing start: compress memory slice
[2025-10-11 04:29:22] [DEBUG] compress memory slice: 12.562 s (12562 ms)
[2025-10-11 04:29:22] [INFO] 메모리 부분 스냅샷 압축 완료: /home/park/vm/win11/snapshots/save7-mem.bz2 (12.56 s)
[2025-10-11 04:29:22] [DEBUG] snapctl archive: 20.713 s (20713 ms)
[2025-10-11 04:29:33] [INFO] fast snapshot 번들을 생성했습니다: /home/park/vm/win11/snapshots/save7-fast-snapshot.tar.bz2
[2025-10-11 04:29:33] [INFO] 스냅샷 보조 아카이브 및 fast snapshot 번들 완료: save7 (20.71 s)
[2025-10-11 04:30:14] [INFO] timing log file: snapctl-timing.log
[2025-10-11 04:30:14] [DEBUG] Timing start: snapctl savevm:save8
[2025-10-11 04:30:14] [DEBUG] Starting savevm for snapshot: save8
[2025-10-11 04:30:14] [INFO] savevm QMP 명령이 지원되지 않아 HMP 경로로 폴백합니다
[2025-10-11 04:30:17] [DEBUG] snapctl savevm:save8: 2.889 s (2889 ms)
[2025-10-11 04:30:17] [INFO] savevm 'save8' 성공 (2.889 s)
[2025-10-11 04:30:17] [DEBUG] Timing start: snapctl archive
[2025-10-11 04:30:17] [DEBUG] Timing start: partial disk copy
[2025-10-11 04:30:17] [DEBUG] partial disk copy: 0.040 s (40 ms)
[2025-10-11 04:30:17] [DEBUG] Timing start: partial disk compress
[2025-10-11 04:30:24] [DEBUG] partial disk compress: 7.150 s (7150 ms)
[2025-10-11 04:30:24] [INFO] 디스크 부분 스냅샷 압축 완료: /home/park/vm/win11/snapshots/save8-disk.bz2 (100.0 MB, 7.15 s)
[2025-10-11 04:30:24] [DEBUG] Timing start: dump guest memory slice
[2025-10-11 04:30:24] [DEBUG] dump guest memory slice: 0.171 s (171 ms)
[2025-10-11 04:30:24] [INFO] 메모리 부분 덤프 완료 (256.0 MB, 0.17 s): /home/park/vm/win11/snapshots/save8-mem.raw
[2025-10-11 04:30:24] [DEBUG] Timing start: compress memory slice
[2025-10-11 04:30:37] [DEBUG] compress memory slice: 12.246 s (12246 ms)
[2025-10-11 04:30:37] [INFO] 메모리 부분 스냅샷 압축 완료: /home/park/vm/win11/snapshots/save8-mem.bz2 (12.25 s)
[2025-10-11 04:30:37] [DEBUG] snapctl archive: 19.633 s (19633 ms)
[2025-10-11 04:30:48] [INFO] fast snapshot 번들을 생성했습니다: /home/park/vm/win11/snapshots/save8-fast-snapshot.tar.bz2
[2025-10-11 04:30:48] [INFO] 스냅샷 보조 아카이브 및 fast snapshot 번들 완료: save8 (19.63 s)
[2025-10-11 04:30:54] [INFO] timing log file: snapctl-timing.log
[2025-10-11 04:30:54] [DEBUG] Timing start: snapctl savevm:save9
[2025-10-11 04:30:54] [DEBUG] Starting savevm for snapshot: save9
[2025-10-11 04:30:54] [INFO] savevm QMP 명령이 지원되지 않아 HMP 경로로 폴백합니다
[2025-10-11 04:36:27] [INFO] timing log file: snapctl-timing.log
[2025-10-11 04:36:27] [DEBUG] connect(/home/park/vm/win11/qmp.sock) 실패: Connection refused
[2025-10-11 04:36:27] [WARN] QMP 소켓은 존재하지만 연결을 거부했습니다. VM이 QMP 옵션으로 실행 중인지 확인하세요: /home/park/vm/win11/qmp.sock
[2025-10-11 04:36:27] [ERROR] 디스크 공간이 부족합니다 (필요: 15171.5 MB, 사용 가능: 9256.0 MB). 불필요한 파일을 정리한 뒤 다시 시도하세요
[2025-10-11 04:36:34] [INFO] timing log file: snapctl-timing.log
[2025-10-11 04:36:34] [DEBUG] connect(/home/park/vm/win11/qmp.sock) 실패: Connection refused
[2025-10-11 04:36:34] [WARN] QMP 소켓은 존재하지만 연결을 거부했습니다. VM이 QMP 옵션으로 실행 중인지 확인하세요: /home/park/vm/win11/qmp.sock
[2025-10-11 04:58:26] [INFO] timing log file: snapctl-timing.log
[2025-10-11 04:58:26] [DEBUG] Timing start: snapctl savevm:save9
[2025-10-11 04:58:26] [DEBUG] Starting savevm for snapshot: save9
[2025-10-11 04:58:26] [INFO] savevm QMP 명령이 지원되지 않아 HMP 경로로 폴백합니다
[2025-10-11 04:58:29] [DEBUG] snapctl savevm:save9: 3.225 s (3225 ms)
[2025-10-11 04:58:29] [INFO] savevm 'save9' 성공 (3.225 s)
[2025-10-11 04:58:29] [DEBUG] Timing start: snapctl archive
[2025-10-11 04:58:29] [INFO] 스냅샷 아카이브 디렉터리를 생성했습니다: /home/park/vm/win11/snapshots
[2025-10-11 04:58:29] [DEBUG] Timing start: partial disk copy
[2025-10-11 04:58:29] [DEBUG] partial disk copy: 0.049 s (49 ms)
[2025-10-11 04:58:29] [DEBUG] Timing start: partial disk compress
[2025-10-11 04:58:37] [DEBUG] partial disk compress: 7.859 s (7859 ms)
[2025-10-11 04:58:37] [INFO] 디스크 부분 스냅샷 압축 완료: /home/park/vm/win11/snapshots/save9-disk.bz2 (100.0 MB, 7.86 s)
[2025-10-11 04:58:37] [DEBUG] Timing start: dump guest memory slice
[2025-10-11 04:58:37] [DEBUG] dump guest memory slice: 0.207 s (207 ms)
[2025-10-11 04:58:37] [INFO] 메모리 부분 덤프 완료 (256.0 MB, 0.21 s): /home/park/vm/win11/snapshots/save9-mem.raw
[2025-10-11 04:58:37] [DEBUG] Timing start: compress memory slice
[2025-10-11 04:58:46] [DEBUG] compress memory slice: 8.428 s (8428 ms)
[2025-10-11 04:58:46] [INFO] 메모리 부분 스냅샷 압축 완료: /home/park/vm/win11/snapshots/save9-mem.bz2 (8.43 s)
[2025-10-11 04:58:46] [DEBUG] snapctl archive: 16.580 s (16580 ms)
[2025-10-11 04:58:54] [INFO] fast snapshot 번들을 생성했습니다: /home/park/vm/win11/snapshots/save9-fast-snapshot.tar.bz2
[2025-10-11 04:58:54] [INFO] 스냅샷 보조 아카이브 및 fast snapshot 번들 완료: save9 (16.58 s)
[2025-10-11 05:00:04] [INFO] timing log file: snapctl-timing.log
[2025-10-11 05:00:04] [DEBUG] Timing start: snapctl savevm:save10
[2025-10-11 05:00:04] [DEBUG] Starting savevm for snapshot: save10
[2025-10-11 05:00:04] [INFO] savevm QMP 명령이 지원되지 않아 HMP 경로로 폴백합니다
[2025-10-11 05:00:06] [DEBUG] snapctl savevm:save10: 2.510 s (2510 ms)
[2025-10-11 05:00:06] [INFO] savevm 'save10' 성공 (2.510 s)
[2025-10-11 05:00:06] [DEBUG] Timing start: snapctl archive
[2025-10-11 05:00:06] [DEBUG] Timing start: partial disk copy
[2025-10-11 05:00:06] [DEBUG] partial disk copy: 0.037 s (37 ms)
[2025-10-11 05:00:06] [DEBUG] Timing start: partial disk compress
[2025-10-11 05:00:13] [DEBUG] partial disk compress: 7.068 s (7068 ms)
[2025-10-11 05:00:13] [INFO] 디스크 부분 스냅샷 압축 완료: /home/park/vm/win11/snapshots/save10-disk.bz2 (100.0 MB, 7.07 s)
[2025-10-11 05:00:13] [DEBUG] Timing start: dump guest memory slice
[2025-10-11 05:00:13] [DEBUG] dump guest memory slice: 0.172 s (172 ms)
[2025-10-11 05:00:13] [INFO] 메모리 부분 덤프 완료 (256.0 MB, 0.17 s): /home/park/vm/win11/snapshots/save10-mem.raw
[2025-10-11 05:00:13] [DEBUG] Timing start: compress memory slice
[2025-10-11 05:00:20] [DEBUG] compress memory slice: 6.908 s (6908 ms)
[2025-10-11 05:00:20] [INFO] 메모리 부분 스냅샷 압축 완료: /home/park/vm/win11/snapshots/save10-mem.bz2 (6.91 s)
[2025-10-11 05:00:20] [DEBUG] snapctl archive: 14.208 s (14208 ms)
[2025-10-11 05:00:28] [INFO] fast snapshot 번들을 생성했습니다: /home/park/vm/win11/snapshots/save10-fast-snapshot.tar.bz2
[2025-10-11 05:00:28] [INFO] 스냅샷 보조 아카이브 및 fast snapshot 번들 완료: save10 (14.21 s)
[2025-10-11 05:01:54] [INFO] timing log file: snapctl-timing.log
[2025-10-11 05:01:54] [DEBUG] Timing start: snapctl savevm:save11
[2025-10-11 05:01:54] [DEBUG] Starting savevm for snapshot: save11
[2025-10-11 05:01:54] [INFO] savevm QMP 명령이 지원되지 않아 HMP 경로로 폴백합니다
[2025-10-11 05:01:57] [DEBUG] snapctl savevm:save11: 3.049 s (3049 ms)
[2025-10-11 05:01:57] [INFO] savevm 'save11' 성공 (3.049 s)
[2025-10-11 05:01:57] [DEBUG] Timing start: snapctl archive
[2025-10-11 05:01:57] [DEBUG] Timing start: partial disk copy
[2025-10-11 05:01:57] [DEBUG] partial disk copy: 0.044 s (44 ms)
[2025-10-11 05:01:57] [DEBUG] Timing start: partial disk compress
[2025-10-11 05:02:05] [DEBUG] partial disk compress: 8.212 s (8212 ms)
[2025-10-11 05:02:05] [INFO] 디스크 부분 스냅샷 압축 완료: /home/park/vm/win11/snapshots/save11-disk.bz2 (100.0 MB, 8.21 s)
[2025-10-11 05:02:05] [DEBUG] Timing start: dump guest memory slice
[2025-10-11 05:02:05] [DEBUG] dump guest memory slice: 0.199 s (199 ms)
[2025-10-11 05:02:05] [INFO] 메모리 부분 덤프 완료 (256.0 MB, 0.20 s): /home/park/vm/win11/snapshots/save11-mem.raw
[2025-10-11 05:02:05] [DEBUG] Timing start: compress memory slice
[2025-10-11 05:02:14] [DEBUG] compress memory slice: 9.189 s (9189 ms)
[2025-10-11 05:02:14] [INFO] 메모리 부분 스냅샷 압축 완료: /home/park/vm/win11/snapshots/save11-mem.bz2 (9.19 s)
[2025-10-11 05:02:14] [DEBUG] snapctl archive: 17.671 s (17671 ms)
[2025-10-11 05:02:23] [INFO] fast snapshot 번들을 생성했습니다: /home/park/vm/win11/snapshots/save11-fast-snapshot.tar.bz2
[2025-10-11 05:02:23] [INFO] 스냅샷 보조 아카이브 및 fast snapshot 번들 완료: save11 (17.67 s)
[2025-10-11 05:03:08] [INFO] timing log file: snapctl-timing.log
[2025-10-11 05:03:08] [DEBUG] Timing start: snapctl savevm:save12
[2025-10-11 05:03:08] [DEBUG] Starting savevm for snapshot: save12
[2025-10-11 05:03:08] [INFO] savevm QMP 명령이 지원되지 않아 HMP 경로로 폴백합니다
[2025-10-11 05:03:12] [DEBUG] snapctl savevm:save12: 3.347 s (3347 ms)
[2025-10-11 05:03:12] [INFO] savevm 'save12' 성공 (3.347 s)
[2025-10-11 05:03:12] [DEBUG] Timing start: snapctl archive
[2025-10-11 05:03:12] [DEBUG] Timing start: partial disk copy
[2025-10-11 05:03:12] [DEBUG] partial disk copy: 0.048 s (48 ms)
[2025-10-11 05:03:12] [DEBUG] Timing start: partial disk compress
[2025-10-11 05:03:20] [DEBUG] partial disk compress: 8.393 s (8393 ms)
[2025-10-11 05:03:20] [INFO] 디스크 부분 스냅샷 압축 완료: /home/park/vm/win11/snapshots/save12-disk.bz2 (100.0 MB, 8.39 s)
[2025-10-11 05:03:20] [DEBUG] Timing start: dump guest memory slice
[2025-10-11 05:03:20] [DEBUG] dump guest memory slice: 0.193 s (193 ms)
[2025-10-11 05:03:20] [INFO] 메모리 부분 덤프 완료 (256.0 MB, 0.19 s): /home/park/vm/win11/snapshots/save12-mem.raw
[2025-10-11 05:03:20] [DEBUG] Timing start: compress memory slice
[2025-10-11 05:03:32] [DEBUG] compress memory slice: 11.599 s (11599 ms)
[2025-10-11 05:03:32] [INFO] 메모리 부분 스냅샷 압축 완료: /home/park/vm/win11/snapshots/save12-mem.bz2 (11.60 s)
[2025-10-11 05:03:32] [DEBUG] snapctl archive: 20.259 s (20259 ms)
[2025-10-11 05:03:41] [INFO] fast snapshot 번들을 생성했습니다: /home/park/vm/win11/snapshots/save12-fast-snapshot.tar.bz2
[2025-10-11 05:03:41] [INFO] 스냅샷 보조 아카이브 및 fast snapshot 번들 완료: save12 (20.26 s)
[2025-10-11 05:06:21] [INFO] timing log file: snapctl-timing.log
[2025-10-11 05:06:21] [DEBUG] Timing start: snapctl savevm:save13
[2025-10-11 05:06:21] [DEBUG] Starting savevm for snapshot: save13
[2025-10-11 05:06:21] [INFO] savevm QMP 명령이 지원되지 않아 HMP 경로로 폴백합니다
[2025-10-11 05:06:24] [DEBUG] snapctl savevm:save13: 2.700 s (2700 ms)
[2025-10-11 05:06:24] [INFO] savevm 'save13' 성공 (2.700 s)
[2025-10-11 05:06:24] [DEBUG] Timing start: snapctl archive
[2025-10-11 05:06:24] [DEBUG] Timing start: partial disk copy
[2025-10-11 05:06:24] [DEBUG] partial disk copy: 0.040 s (40 ms)
[2025-10-11 05:06:24] [DEBUG] Timing start: partial disk compress
[2025-10-11 05:06:30] [DEBUG] partial disk compress: 6.911 s (6911 ms)
[2025-10-11 05:06:30] [INFO] 디스크 부분 스냅샷 압축 완료: /home/park/vm/win11/snapshots/save13-disk.bz2 (100.0 MB, 6.91 s)
[2025-10-11 05:06:30] [DEBUG] Timing start: dump guest memory slice
[2025-10-11 05:06:31] [DEBUG] dump guest memory slice: 0.173 s (173 ms)
[2025-10-11 05:06:31] [INFO] 메모리 부분 덤프 완료 (256.0 MB, 0.17 s): /home/park/vm/win11/snapshots/save13-mem.raw
[2025-10-11 05:06:31] [DEBUG] Timing start: compress memory slice
[2025-10-11 05:06:41] [DEBUG] compress memory slice: 10.424 s (10424 ms)
[2025-10-11 05:06:41] [INFO] 메모리 부분 스냅샷 압축 완료: /home/park/vm/win11/snapshots/save13-mem.bz2 (10.42 s)
[2025-10-11 05:06:41] [DEBUG] snapctl archive: 17.573 s (17573 ms)
[2025-10-11 05:06:50] [INFO] fast snapshot 번들을 생성했습니다: /home/park/vm/win11/snapshots/save13-fast-snapshot.tar.bz2
[2025-10-11 05:06:50] [INFO] 스냅샷 보조 아카이브 및 fast snapshot 번들 완료: save13 (17.57 s)
[2025-10-11 05:07:20] [INFO] timing log file: snapctl-timing.log
[2025-10-11 05:07:20] [DEBUG] Timing start: snapctl savevm:save14
[2025-10-11 05:07:20] [DEBUG] Starting savevm for snapshot: save14
[2025-10-11 05:07:20] [INFO] savevm QMP 명령이 지원되지 않아 HMP 경로로 폴백합니다
[2025-10-11 05:09:40] [INFO] timing log file: snapctl-timing.log
[2025-10-11 05:09:40] [DEBUG] Timing start: snapctl savevm:save14
[2025-10-11 05:09:40] [DEBUG] Starting savevm for snapshot: save14
[2025-10-11 05:09:40] [INFO] savevm QMP 명령이 지원되지 않아 HMP 경로로 폴백합니다
[2025-10-11 06:56:32] [INFO] timing log file: snapctl-timing.log
[2025-10-11 06:56:32] [DEBUG] Timing start: snapctl savevm:test123
[2025-10-11 06:56:32] [DEBUG] Starting savevm for snapshot: test123
[2025-10-11 06:56:32] [INFO] 스냅샷 아카이브 디렉터리를 생성했습니다: /home/park/vm/win11/snapshots
[2025-10-11 06:57:34] [DEBUG] snapctl savevm:test123: 61.399 s (61399 ms)
[2025-10-11 06:57:34] [ERROR] savevm 'test123' 실패 (61.399 s)
[2025-10-11 06:57:49] [INFO] timing log file: snapctl-timing.log
[2025-10-11 06:57:49] [DEBUG] Timing start: snapctl savevm:test123
[2025-10-11 06:57:49] [DEBUG] Starting savevm for snapshot: test123
[2025-10-11 06:58:49] [ERROR] migration 완료 대기 시간 초과
[2025-10-11 06:58:49] [ERROR] 메모리 스냅샷 저장 실패 (test123)
[2025-10-11 06:58:50] [DEBUG] snapctl savevm:test123: 61.300 s (61300 ms)
[2025-10-11 06:58:50] [ERROR] savevm 'test123' 실패 (61.300 s)
[2025-10-11 04:30:41] [INFO] timing log file: snapctl-timing.log
[2025-10-11 04:30:41] [DEBUG] Timing start: snapctl savevm:test12
[2025-10-11 04:30:41] [DEBUG] Starting savevm for snapshot: test12
[2025-10-11 04:30:41] [INFO] savevm QMP 명령이 지원되지 않아 HMP 경로로 폴백합니다
[2025-10-11 04:30:45] [DEBUG] snapctl savevm:test12: 3.489 s (3489 ms)
[2025-10-11 04:30:45] [INFO] savevm 'test12' 성공 (3.489 s)
[2025-10-11 04:30:45] [DEBUG] Timing start: snapctl archive
[2025-10-11 04:30:45] [DEBUG] Timing start: partial disk copy
[2025-10-11 04:30:45] [DEBUG] partial disk copy: 0.127 s (127 ms)
[2025-10-11 04:30:45] [DEBUG] Timing start: partial disk compress
[2025-10-11 04:30:52] [DEBUG] partial disk compress: 7.103 s (7103 ms)
[2025-10-11 04:30:52] [INFO] 디스크 부분 스냅샷 압축 완료: /home/park/vm/win11/snapshots/test12-disk.bz2 (100.0 MB, 7.10 s)
[2025-10-11 04:30:52] [DEBUG] Timing start: dump guest memory slice
[2025-10-11 04:30:52] [DEBUG] dump guest memory slice: 0.344 s (344 ms)
[2025-10-11 04:30:52] [INFO] 메모리 부분 덤프 완료 (256.0 MB, 0.34 s): /home/park/vm/win11/snapshots/test12-mem.raw
[2025-10-11 04:30:52] [DEBUG] Timing start: compress memory slice
[2025-10-11 04:30:55] [DEBUG] compress memory slice: 2.028 s (2028 ms)
[2025-10-11 04:30:55] [INFO] 메모리 부분 스냅샷 압축 완료: /home/park/vm/win11/snapshots/test12-mem.bz2 (2.03 s)
[2025-10-11 04:30:55] [DEBUG] snapctl archive: 9.652 s (9652 ms)
[2025-10-11 04:31:01] [INFO] fast snapshot 번들을 생성했습니다: /home/park/vm/win11/snapshots/test12-fast-snapshot.tar.bz2
[2025-10-11 04:31:01] [INFO] 스냅샷 보조 아카이브 및 fast snapshot 번들 완료: test12 (9.65 s)
[2025-10-11 04:41:39] [INFO] timing log file: snapctl-timing.log
[2025-10-11 04:41:39] [DEBUG] Timing start: snapctl loadvm:test12
[2025-10-11 04:41:39] [INFO] loadvm QMP 명령이 지원되지 않아 HMP 경로로 폴백합니다
[2025-10-11 04:41:45] [DEBUG] Timing start: restore disk slice
[2025-10-11 04:41:45] [DEBUG] restore disk slice: 0.044 s (44 ms)
[2025-10-11 04:41:45] [INFO] 디스크 보조 스냅샷을 복원했습니다 (100.0 MB, 0.04 s)
[2025-10-11 04:41:45] [INFO] 메모리 보조 스냅샷을 해제했습니다 (255.7 MB): /home/park/vm/win11/snapshots/test12-mem.raw
[2025-10-11 04:41:45] [INFO] 주의: dump-guest-memory 결과는 참조용이며 loadvm이 메모리를 복원합니다.
[2025-10-11 04:41:45] [INFO] 보조 스냅샷 복원 완료: test12
[2025-10-11 04:41:45] [DEBUG] snapctl loadvm:test12: 6.867 s (6867 ms)
[2025-10-11 04:41:45] [INFO] loadvm 'test12' 성공 (6.867 s)
[2025-10-11 04:42:26] [INFO] timing log file: snapctl-timing.log
[2025-10-11 04:44:57] [INFO] timing log file: snapctl-timing.log
[2025-10-11 04:44:57] [DEBUG] Timing start: snapctl savevm:test34
[2025-10-11 04:44:57] [DEBUG] Starting savevm for snapshot: test34
[2025-10-11 04:44:57] [INFO] savevm QMP 명령이 지원되지 않아 HMP 경로로 폴백합니다
[2025-10-11 04:45:04] [DEBUG] snapctl savevm:test34: 6.751 s (6751 ms)
[2025-10-11 04:45:04] [INFO] savevm 'test34' 성공 (6.751 s)
[2025-10-11 04:45:04] [DEBUG] Timing start: snapctl archive
[2025-10-11 04:45:04] [DEBUG] Timing start: partial disk copy
[2025-10-11 04:45:04] [DEBUG] partial disk copy: 0.092 s (92 ms)
[2025-10-11 04:45:04] [DEBUG] Timing start: partial disk compress
[2025-10-11 04:45:12] [DEBUG] partial disk compress: 7.936 s (7936 ms)
[2025-10-11 04:45:12] [INFO] 디스크 부분 스냅샷 압축 완료: /home/park/vm/win11/snapshots/test34-disk.bz2 (100.0 MB, 7.94 s)
[2025-10-11 04:45:12] [DEBUG] Timing start: dump guest memory slice
[2025-10-11 04:45:12] [DEBUG] dump guest memory slice: 0.297 s (297 ms)
[2025-10-11 04:45:12] [INFO] 메모리 부분 덤프 완료 (256.0 MB, 0.30 s): /home/park/vm/win11/snapshots/test34-mem.raw
[2025-10-11 04:45:12] [DEBUG] Timing start: compress memory slice
[2025-10-11 04:45:15] [DEBUG] compress memory slice: 3.154 s (3154 ms)
[2025-10-11 04:45:15] [INFO] 메모리 부분 스냅샷 압축 완료: /home/park/vm/win11/snapshots/test34-mem.bz2 (3.15 s)
[2025-10-11 04:45:15] [DEBUG] snapctl archive: 11.525 s (11525 ms)
[2025-10-11 04:45:22] [INFO] fast snapshot 번들을 생성했습니다: /home/park/vm/win11/snapshots/test34-fast-snapshot.tar.bz2
[2025-10-11 04:45:22] [INFO] 스냅샷 보조 아카이브 및 fast snapshot 번들 완료: test34 (11.53 s)
[2025-10-11 04:49:14] [INFO] timing log file: snapctl-timing.log
[2025-10-11 04:56:16] [INFO] timing log file: snapctl-timing.log
[2025-10-11 04:56:16] [DEBUG] Timing start: snapctl loadvm:test34
[2025-10-11 04:56:16] [INFO] loadvm QMP 명령이 지원되지 않아 HMP 경로로 폴백합니다
[2025-10-11 04:56:23] [DEBUG] Timing start: restore disk slice
[2025-10-11 04:56:23] [DEBUG] restore disk slice: 0.068 s (68 ms)
[2025-10-11 04:56:23] [INFO] 디스크 보조 스냅샷을 복원했습니다 (100.0 MB, 0.07 s)
[2025-10-11 04:56:24] [INFO] 메모리 보조 스냅샷을 해제했습니다 (255.8 MB): /home/park/vm/win11/snapshots/test34-mem.raw
[2025-10-11 04:56:24] [INFO] 주의: dump-guest-memory 결과는 참조용이며 loadvm이 메모리를 복원합니다.
[2025-10-11 04:56:24] [INFO] 보조 스냅샷 복원 완료: test34
[2025-10-11 04:56:24] [DEBUG] snapctl loadvm:test34: 7.706 s (7706 ms)
[2025-10-11 04:56:24] [INFO] loadvm 'test34' 성공 (7.706 s)
[2025-10-11 05:25:41] [INFO] timing log file: snapctl-timing.log
[2025-10-11 05:25:41] [DEBUG] Timing start: snapctl loadvm:test12
[2025-10-11 05:25:41] [INFO] loadvm QMP 명령이 지원되지 않아 HMP 경로로 폴백합니다
[2025-10-11 05:25:48] [DEBUG] Timing start: restore disk slice
[2025-10-11 05:25:48] [DEBUG] restore disk slice: 0.056 s (56 ms)
[2025-10-11 05:25:48] [INFO] 디스크 보조 스냅샷을 복원했습니다 (100.0 MB, 0.06 s)
[2025-10-11 05:25:49] [INFO] 메모리 보조 스냅샷을 해제했습니다 (255.7 MB): /home/park/vm/win11/snapshots/test12-mem.raw
[2025-10-11 05:25:49] [INFO] 주의: dump-guest-memory 결과는 참조용이며 loadvm이 메모리를 복원합니다.
[2025-10-11 05:25:49] [INFO] 보조 스냅샷 복원 완료: test12
[2025-10-11 05:25:49] [DEBUG] snapctl loadvm:test12: 8.322 s (8322 ms)
[2025-10-11 05:25:49] [INFO] loadvm 'test12' 성공 (8.322 s)
[2025-10-11 05:26:16] [INFO] timing log file: snapctl-timing.log
[2025-10-11 05:26:16] [DEBUG] Timing start: snapctl loadvm:test34
[2025-10-11 05:26:16] [INFO] loadvm QMP 명령이 지원되지 않아 HMP 경로로 폴백합니다
[2025-10-11 05:26:23] [DEBUG] Timing start: restore disk slice
[2025-10-11 05:26:23] [DEBUG] restore disk slice: 0.081 s (81 ms)
[2025-10-11 05:26:23] [INFO] 디스크 보조 스냅샷을 복원했습니다 (100.0 MB, 0.08 s)
[2025-10-11 05:26:24] [INFO] 메모리 보조 스냅샷을 해제했습니다 (255.8 MB): /home/park/vm/win11/snapshots/test34-mem.raw
[2025-10-11 05:26:24] [INFO] 주의: dump-guest-memory 결과는 참조용이며 loadvm이 메모리를 복원합니다.
[2025-10-11 05:26:24] [INFO] 보조 스냅샷 복원 완료: test34
[2025-10-11 05:26:24] [DEBUG] snapctl loadvm:test34: 8.202 s (8202 ms)
[2025-10-11 05:26:24] [INFO] loadvm 'test34' 성공 (8.202 s)
